{"/Users/umangmehta/Desktop/Second Year/WINTER 2026/COMP 2452/Project/clicker/create-tables.sql": {"path":"/Users/umangmehta/Desktop/Second Year/WINTER 2026/COMP 2452/Project/clicker/create-tables.sql","statementMap":{},"fnMap":{},"branchMap":{},"s":{},"f":{},"b":{},"meta":{"lastBranch":0,"lastFunction":0,"lastStatement":0,"seen":{}}}
,"/Users/umangmehta/Desktop/Second Year/WINTER 2026/COMP 2452/Project/clicker/src/assertions.ts": {"path":"/Users/umangmehta/Desktop/Second Year/WINTER 2026/COMP 2452/Project/clicker/src/assertions.ts","statementMap":{"0":{"start":{"line":3,"column":4},"end":{"line":5,"column":null}},"1":{"start":{"line":4,"column":8},"end":{"line":4,"column":null}},"2":{"start":{"line":11,"column":8},"end":{"line":11,"column":null}}},"fnMap":{"0":{"name":"assert","decl":{"start":{"line":2,"column":24},"end":{"line":2,"column":31}},"loc":{"start":{"line":2,"column":78},"end":{"line":6,"column":null}},"line":2},"1":{"name":"(anonymous_1)","decl":{"start":{"line":10,"column":4},"end":{"line":10,"column":16}},"loc":{"start":{"line":10,"column":32},"end":{"line":12,"column":null}},"line":10}},"branchMap":{"0":{"loc":{"start":{"line":3,"column":4},"end":{"line":5,"column":null}},"type":"if","locations":[{"start":{"line":3,"column":4},"end":{"line":5,"column":null}},{"start":{},"end":{}}],"line":3}},"s":{"0":12,"1":0,"2":0},"f":{"0":12,"1":0},"b":{"0":[0,12]},"meta":{"lastBranch":1,"lastFunction":2,"lastStatement":3,"seen":{"f:2:24:2:31":0,"b:3:4:5:Infinity:undefined:undefined:undefined:undefined":0,"s:3:4:5:Infinity":0,"s:4:8:4:Infinity":1,"f:10:4:10:16":1,"s:11:8:11:Infinity":2}}}
,"/Users/umangmehta/Desktop/Second Year/WINTER 2026/COMP 2452/Project/clicker/src/Model/Account.ts": {"path":"/Users/umangmehta/Desktop/Second Year/WINTER 2026/COMP 2452/Project/clicker/src/Model/Account.ts","statementMap":{"0":{"start":{"line":13,"column":8},"end":{"line":13,"column":null}},"1":{"start":{"line":14,"column":8},"end":{"line":14,"column":null}},"2":{"start":{"line":16,"column":8},"end":{"line":18,"column":null}},"3":{"start":{"line":17,"column":12},"end":{"line":17,"column":null}},"4":{"start":{"line":19,"column":8},"end":{"line":21,"column":null}},"5":{"start":{"line":20,"column":12},"end":{"line":20,"column":null}},"6":{"start":{"line":23,"column":8},"end":{"line":23,"column":null}},"7":{"start":{"line":32,"column":27},"end":{"line":32,"column":null}},"8":{"start":{"line":34,"column":14},"end":{"line":34,"column":null}},"9":{"start":{"line":35,"column":31},"end":{"line":35,"column":null}},"10":{"start":{"line":37,"column":22},"end":{"line":48,"column":null}},"11":{"start":{"line":49,"column":8},"end":{"line":56,"column":null}},"12":{"start":{"line":51,"column":28},"end":{"line":51,"column":null}},"13":{"start":{"line":53,"column":12},"end":{"line":53,"column":null}},"14":{"start":{"line":55,"column":12},"end":{"line":55,"column":null}},"15":{"start":{"line":58,"column":8},"end":{"line":60,"column":null}},"16":{"start":{"line":59,"column":12},"end":{"line":59,"column":null}},"17":{"start":{"line":62,"column":8},"end":{"line":62,"column":null}},"18":{"start":{"line":67,"column":8},"end":{"line":103,"column":null}},"19":{"start":{"line":68,"column":12},"end":{"line":68,"column":null}},"20":{"start":{"line":70,"column":12},"end":{"line":70,"column":null}},"21":{"start":{"line":72,"column":18},"end":{"line":72,"column":null}},"22":{"start":{"line":73,"column":35},"end":{"line":73,"column":null}},"23":{"start":{"line":78,"column":27},"end":{"line":85,"column":null}},"24":{"start":{"line":90,"column":12},"end":{"line":90,"column":null}},"25":{"start":{"line":93,"column":12},"end":{"line":93,"column":null}},"26":{"start":{"line":97,"column":12},"end":{"line":97,"column":null}},"27":{"start":{"line":99,"column":12},"end":{"line":101,"column":null}},"28":{"start":{"line":100,"column":16},"end":{"line":100,"column":null}},"29":{"start":{"line":102,"column":12},"end":{"line":102,"column":null}},"30":{"start":{"line":106,"column":8},"end":{"line":106,"column":null}},"31":{"start":{"line":107,"column":8},"end":{"line":107,"column":null}},"32":{"start":{"line":113,"column":8},"end":{"line":113,"column":null}},"33":{"start":{"line":117,"column":8},"end":{"line":117,"column":null}},"34":{"start":{"line":121,"column":8},"end":{"line":121,"column":null}}},"fnMap":{"0":{"name":"(anonymous_0)","decl":{"start":{"line":12,"column":4},"end":{"line":12,"column":16}},"loc":{"start":{"line":12,"column":44},"end":{"line":25,"column":null}},"line":12},"1":{"name":"(anonymous_1)","decl":{"start":{"line":30,"column":17},"end":{"line":30,"column":29}},"loc":{"start":{"line":30,"column":70},"end":{"line":63,"column":null}},"line":30},"2":{"name":"(anonymous_2)","decl":{"start":{"line":65,"column":17},"end":{"line":65,"column":29}},"loc":{"start":{"line":65,"column":64},"end":{"line":104,"column":null}},"line":65},"3":{"name":"(anonymous_3)","decl":{"start":{"line":105,"column":4},"end":{"line":105,"column":19}},"loc":{"start":{"line":105,"column":19},"end":{"line":109,"column":null}},"line":105},"4":{"name":"(anonymous_4)","decl":{"start":{"line":111,"column":8},"end":{"line":111,"column":26}},"loc":{"start":{"line":111,"column":26},"end":{"line":114,"column":null}},"line":111},"5":{"name":"(anonymous_5)","decl":{"start":{"line":115,"column":8},"end":{"line":115,"column":26}},"loc":{"start":{"line":115,"column":26},"end":{"line":118,"column":null}},"line":115},"6":{"name":"(anonymous_6)","decl":{"start":{"line":120,"column":8},"end":{"line":120,"column":26}},"loc":{"start":{"line":120,"column":26},"end":{"line":122,"column":null}},"line":120}},"branchMap":{"0":{"loc":{"start":{"line":16,"column":8},"end":{"line":18,"column":null}},"type":"if","locations":[{"start":{"line":16,"column":8},"end":{"line":18,"column":null}},{"start":{},"end":{}}],"line":16},"1":{"loc":{"start":{"line":19,"column":8},"end":{"line":21,"column":null}},"type":"if","locations":[{"start":{"line":19,"column":8},"end":{"line":21,"column":null}},{"start":{},"end":{}}],"line":19},"2":{"loc":{"start":{"line":58,"column":8},"end":{"line":60,"column":null}},"type":"if","locations":[{"start":{"line":58,"column":8},"end":{"line":60,"column":null}},{"start":{},"end":{}}],"line":58},"3":{"loc":{"start":{"line":99,"column":12},"end":{"line":101,"column":null}},"type":"if","locations":[{"start":{"line":99,"column":12},"end":{"line":101,"column":null}},{"start":{},"end":{}}],"line":99}},"s":{"0":3,"1":3,"2":3,"3":0,"4":3,"5":0,"6":3,"7":1,"8":1,"9":1,"10":1,"11":1,"12":1,"13":1,"14":1,"15":1,"16":0,"17":1,"18":1,"19":1,"20":1,"21":1,"22":1,"23":1,"24":1,"25":1,"26":0,"27":0,"28":0,"29":0,"30":3,"31":3,"32":8,"33":2,"34":0},"f":{"0":3,"1":1,"2":1,"3":3,"4":8,"5":2,"6":0},"b":{"0":[0,3],"1":[0,3],"2":[0,1],"3":[0,0]},"meta":{"lastBranch":4,"lastFunction":7,"lastStatement":35,"seen":{"f:12:4:12:16":0,"s:13:8:13:Infinity":0,"s:14:8:14:Infinity":1,"b:16:8:18:Infinity:undefined:undefined:undefined:undefined":0,"s:16:8:18:Infinity":2,"s:17:12:17:Infinity":3,"b:19:8:21:Infinity:undefined:undefined:undefined:undefined":1,"s:19:8:21:Infinity":4,"s:20:12:20:Infinity":5,"s:23:8:23:Infinity":6,"f:30:17:30:29":1,"s:32:27:32:Infinity":7,"s:34:14:34:Infinity":8,"s:35:31:35:Infinity":9,"s:37:22:48:Infinity":10,"s:49:8:56:Infinity":11,"s:51:28:51:Infinity":12,"s:53:12:53:Infinity":13,"s:55:12:55:Infinity":14,"b:58:8:60:Infinity:undefined:undefined:undefined:undefined":2,"s:58:8:60:Infinity":15,"s:59:12:59:Infinity":16,"s:62:8:62:Infinity":17,"f:65:17:65:29":2,"s:67:8:103:Infinity":18,"s:68:12:68:Infinity":19,"s:70:12:70:Infinity":20,"s:72:18:72:Infinity":21,"s:73:35:73:Infinity":22,"s:78:27:85:Infinity":23,"s:90:12:90:Infinity":24,"s:93:12:93:Infinity":25,"s:97:12:97:Infinity":26,"b:99:12:101:Infinity:undefined:undefined:undefined:undefined":3,"s:99:12:101:Infinity":27,"s:100:16:100:Infinity":28,"s:102:12:102:Infinity":29,"f:105:4:105:19":3,"s:106:8:106:Infinity":30,"s:107:8:107:Infinity":31,"f:111:8:111:26":4,"s:113:8:113:Infinity":32,"f:115:8:115:26":5,"s:117:8:117:Infinity":33,"f:120:8:120:26":6,"s:121:8:121:Infinity":34}}}
,"/Users/umangmehta/Desktop/Second Year/WINTER 2026/COMP 2452/Project/clicker/src/Model/Buildings.ts": {"path":"/Users/umangmehta/Desktop/Second Year/WINTER 2026/COMP 2452/Project/clicker/src/Model/Buildings.ts","statementMap":{"0":{"start":{"line":13,"column":8},"end":{"line":13,"column":null}},"1":{"start":{"line":14,"column":8},"end":{"line":14,"column":null}},"2":{"start":{"line":15,"column":8},"end":{"line":15,"column":null}},"3":{"start":{"line":16,"column":8},"end":{"line":16,"column":null}},"4":{"start":{"line":20,"column":8},"end":{"line":20,"column":null}},"5":{"start":{"line":23,"column":8},"end":{"line":23,"column":null}},"6":{"start":{"line":27,"column":8},"end":{"line":27,"column":null}},"7":{"start":{"line":28,"column":8},"end":{"line":28,"column":null}},"8":{"start":{"line":33,"column":8},"end":{"line":59,"column":null}},"9":{"start":{"line":35,"column":28},"end":{"line":40,"column":null}},"10":{"start":{"line":42,"column":12},"end":{"line":45,"column":null}},"11":{"start":{"line":43,"column":16},"end":{"line":43,"column":null}},"12":{"start":{"line":44,"column":16},"end":{"line":44,"column":null}},"13":{"start":{"line":48,"column":28},"end":{"line":53,"column":null}},"14":{"start":{"line":55,"column":12},"end":{"line":58,"column":null}},"15":{"start":{"line":56,"column":16},"end":{"line":56,"column":null}},"16":{"start":{"line":57,"column":16},"end":{"line":57,"column":null}},"17":{"start":{"line":64,"column":46},"end":{"line":64,"column":null}},"18":{"start":{"line":67,"column":20},"end":{"line":74,"column":null}},"19":{"start":{"line":76,"column":21},"end":{"line":83,"column":null}},"20":{"start":{"line":86,"column":8},"end":{"line":92,"column":null}},"21":{"start":{"line":89,"column":38},"end":{"line":89,"column":null}},"22":{"start":{"line":90,"column":12},"end":{"line":90,"column":null}},"23":{"start":{"line":91,"column":12},"end":{"line":91,"column":null}},"24":{"start":{"line":95,"column":8},"end":{"line":100,"column":null}},"25":{"start":{"line":97,"column":39},"end":{"line":97,"column":null}},"26":{"start":{"line":99,"column":12},"end":{"line":99,"column":null}},"27":{"start":{"line":103,"column":8},"end":{"line":103,"column":null}}},"fnMap":{"0":{"name":"(anonymous_0)","decl":{"start":{"line":12,"column":4},"end":{"line":12,"column":16}},"loc":{"start":{"line":12,"column":59},"end":{"line":17,"column":null}},"line":12},"1":{"name":"(anonymous_1)","decl":{"start":{"line":19,"column":8},"end":{"line":19,"column":21}},"loc":{"start":{"line":19,"column":21},"end":{"line":21,"column":null}},"line":19},"2":{"name":"(anonymous_2)","decl":{"start":{"line":22,"column":8},"end":{"line":22,"column":22}},"loc":{"start":{"line":22,"column":22},"end":{"line":24,"column":null}},"line":22},"3":{"name":"(anonymous_3)","decl":{"start":{"line":26,"column":4},"end":{"line":26,"column":21}},"loc":{"start":{"line":26,"column":21},"end":{"line":29,"column":null}},"line":26},"4":{"name":"(anonymous_4)","decl":{"start":{"line":31,"column":17},"end":{"line":31,"column":31}},"loc":{"start":{"line":31,"column":51},"end":{"line":60,"column":null}},"line":31},"5":{"name":"(anonymous_5)","decl":{"start":{"line":42,"column":33},"end":{"line":42,"column":34}},"loc":{"start":{"line":42,"column":42},"end":{"line":45,"column":13}},"line":42},"6":{"name":"(anonymous_6)","decl":{"start":{"line":55,"column":33},"end":{"line":55,"column":34}},"loc":{"start":{"line":55,"column":42},"end":{"line":58,"column":13}},"line":55},"7":{"name":"(anonymous_7)","decl":{"start":{"line":62,"column":17},"end":{"line":62,"column":40}},"loc":{"start":{"line":62,"column":57},"end":{"line":104,"column":null}},"line":62}},"branchMap":{"0":{"loc":{"start":{"line":33,"column":8},"end":{"line":59,"column":null}},"type":"if","locations":[{"start":{"line":33,"column":8},"end":{"line":59,"column":null}},{"start":{"line":47,"column":12},"end":{"line":59,"column":null}}],"line":33}},"s":{"0":0,"1":0,"2":0,"3":0,"4":0,"5":0,"6":0,"7":0,"8":0,"9":0,"10":0,"11":0,"12":0,"13":0,"14":0,"15":0,"16":0,"17":1,"18":1,"19":1,"20":1,"21":0,"22":0,"23":0,"24":1,"25":0,"26":0,"27":1},"f":{"0":0,"1":0,"2":0,"3":0,"4":1,"5":0,"6":0,"7":1},"b":{"0":[0,0]},"meta":{"lastBranch":1,"lastFunction":8,"lastStatement":28,"seen":{"f:12:4:12:16":0,"s:13:8:13:Infinity":0,"s:14:8:14:Infinity":1,"s:15:8:15:Infinity":2,"s:16:8:16:Infinity":3,"f:19:8:19:21":1,"s:20:8:20:Infinity":4,"f:22:8:22:22":2,"s:23:8:23:Infinity":5,"f:26:4:26:21":3,"s:27:8:27:Infinity":6,"s:28:8:28:Infinity":7,"f:31:17:31:31":4,"b:33:8:59:Infinity:47:12:59:Infinity":0,"s:33:8:59:Infinity":8,"s:35:28:40:Infinity":9,"s:42:12:45:Infinity":10,"f:42:33:42:34":5,"s:43:16:43:Infinity":11,"s:44:16:44:Infinity":12,"s:48:28:53:Infinity":13,"s:55:12:58:Infinity":14,"f:55:33:55:34":6,"s:56:16:56:Infinity":15,"s:57:16:57:Infinity":16,"f:62:17:62:40":7,"s:64:46:64:Infinity":17,"s:67:20:74:Infinity":18,"s:76:21:83:Infinity":19,"s:86:8:92:Infinity":20,"s:89:38:89:Infinity":21,"s:90:12:90:Infinity":22,"s:91:12:91:Infinity":23,"s:95:8:100:Infinity":24,"s:97:39:97:Infinity":25,"s:99:12:99:Infinity":26,"s:103:8:103:Infinity":27}}}
,"/Users/umangmehta/Desktop/Second Year/WINTER 2026/COMP 2452/Project/clicker/src/Model/Company.ts": {"path":"/Users/umangmehta/Desktop/Second Year/WINTER 2026/COMP 2452/Project/clicker/src/Model/Company.ts","statementMap":{"0":{"start":{"line":19,"column":8},"end":{"line":19,"column":null}},"1":{"start":{"line":20,"column":8},"end":{"line":20,"column":null}},"2":{"start":{"line":21,"column":8},"end":{"line":21,"column":null}},"3":{"start":{"line":22,"column":8},"end":{"line":22,"column":null}},"4":{"start":{"line":24,"column":8},"end":{"line":24,"column":null}},"5":{"start":{"line":25,"column":8},"end":{"line":25,"column":null}},"6":{"start":{"line":27,"column":8},"end":{"line":29,"column":null}},"7":{"start":{"line":28,"column":12},"end":{"line":28,"column":null}},"8":{"start":{"line":30,"column":8},"end":{"line":30,"column":null}},"9":{"start":{"line":34,"column":8},"end":{"line":34,"column":null}},"10":{"start":{"line":35,"column":8},"end":{"line":35,"column":null}},"11":{"start":{"line":39,"column":8},"end":{"line":69,"column":null}},"12":{"start":{"line":41,"column":12},"end":{"line":48,"column":null}},"13":{"start":{"line":50,"column":12},"end":{"line":54,"column":null}},"14":{"start":{"line":51,"column":16},"end":{"line":53,"column":null}},"15":{"start":{"line":52,"column":20},"end":{"line":52,"column":null}},"16":{"start":{"line":56,"column":12},"end":{"line":60,"column":null}},"17":{"start":{"line":57,"column":16},"end":{"line":59,"column":null}},"18":{"start":{"line":58,"column":20},"end":{"line":58,"column":null}},"19":{"start":{"line":62,"column":12},"end":{"line":62,"column":null}},"20":{"start":{"line":65,"column":12},"end":{"line":67,"column":null}},"21":{"start":{"line":66,"column":16},"end":{"line":66,"column":null}},"22":{"start":{"line":68,"column":12},"end":{"line":68,"column":null}},"23":{"start":{"line":75,"column":8},"end":{"line":75,"column":null}},"24":{"start":{"line":78,"column":8},"end":{"line":78,"column":null}},"25":{"start":{"line":82,"column":8},"end":{"line":82,"column":null}},"26":{"start":{"line":85,"column":8},"end":{"line":85,"column":null}},"27":{"start":{"line":93,"column":8},"end":{"line":93,"column":null}},"28":{"start":{"line":98,"column":8},"end":{"line":98,"column":null}},"29":{"start":{"line":102,"column":8},"end":{"line":102,"column":null}},"30":{"start":{"line":106,"column":8},"end":{"line":106,"column":null}},"31":{"start":{"line":113,"column":24},"end":{"line":119,"column":null}},"32":{"start":{"line":122,"column":24},"end":{"line":122,"column":null}},"33":{"start":{"line":124,"column":8},"end":{"line":124,"column":null}},"34":{"start":{"line":127,"column":8},"end":{"line":127,"column":null}},"35":{"start":{"line":128,"column":8},"end":{"line":128,"column":null}},"36":{"start":{"line":130,"column":8},"end":{"line":130,"column":null}},"37":{"start":{"line":139,"column":35},"end":{"line":147,"column":null}},"38":{"start":{"line":141,"column":16},"end":{"line":143,"column":null}},"39":{"start":{"line":142,"column":20},"end":{"line":142,"column":null}},"40":{"start":{"line":144,"column":16},"end":{"line":144,"column":null}},"41":{"start":{"line":149,"column":8},"end":{"line":149,"column":null}},"42":{"start":{"line":154,"column":35},"end":{"line":162,"column":null}},"43":{"start":{"line":156,"column":16},"end":{"line":158,"column":null}},"44":{"start":{"line":157,"column":20},"end":{"line":157,"column":null}},"45":{"start":{"line":159,"column":16},"end":{"line":159,"column":null}},"46":{"start":{"line":164,"column":8},"end":{"line":164,"column":null}},"47":{"start":{"line":172,"column":8},"end":{"line":173,"column":null}},"48":{"start":{"line":173,"column":28},"end":{"line":173,"column":38}},"49":{"start":{"line":178,"column":8},"end":{"line":178,"column":null}}},"fnMap":{"0":{"name":"(anonymous_0)","decl":{"start":{"line":18,"column":4},"end":{"line":18,"column":16}},"loc":{"start":{"line":18,"column":46},"end":{"line":31,"column":null}},"line":18},"1":{"name":"(anonymous_1)","decl":{"start":{"line":33,"column":4},"end":{"line":33,"column":19}},"loc":{"start":{"line":33,"column":19},"end":{"line":36,"column":null}},"line":33},"2":{"name":"(anonymous_2)","decl":{"start":{"line":38,"column":17},"end":{"line":38,"column":29}},"loc":{"start":{"line":38,"column":62},"end":{"line":70,"column":null}},"line":38},"3":{"name":"(anonymous_3)","decl":{"start":{"line":74,"column":8},"end":{"line":74,"column":28}},"loc":{"start":{"line":74,"column":28},"end":{"line":76,"column":null}},"line":74},"4":{"name":"(anonymous_4)","decl":{"start":{"line":77,"column":8},"end":{"line":77,"column":22}},"loc":{"start":{"line":77,"column":22},"end":{"line":79,"column":null}},"line":77},"5":{"name":"(anonymous_5)","decl":{"start":{"line":81,"column":8},"end":{"line":81,"column":37}},"loc":{"start":{"line":81,"column":37},"end":{"line":83,"column":null}},"line":81},"6":{"name":"(anonymous_6)","decl":{"start":{"line":84,"column":8},"end":{"line":84,"column":35}},"loc":{"start":{"line":84,"column":35},"end":{"line":86,"column":null}},"line":84},"7":{"name":"(anonymous_7)","decl":{"start":{"line":92,"column":4},"end":{"line":92,"column":15}},"loc":{"start":{"line":92,"column":26},"end":{"line":99,"column":null}},"line":92},"8":{"name":"(anonymous_8)","decl":{"start":{"line":101,"column":4},"end":{"line":101,"column":17}},"loc":{"start":{"line":101,"column":29},"end":{"line":107,"column":null}},"line":101},"9":{"name":"(anonymous_9)","decl":{"start":{"line":111,"column":17},"end":{"line":111,"column":38}},"loc":{"start":{"line":111,"column":72},"end":{"line":131,"column":null}},"line":111},"10":{"name":"(anonymous_10)","decl":{"start":{"line":137,"column":4},"end":{"line":137,"column":31}},"loc":{"start":{"line":137,"column":31},"end":{"line":150,"column":null}},"line":137},"11":{"name":"(anonymous_11)","decl":{"start":{"line":140,"column":12},"end":{"line":140,"column":13}},"loc":{"start":{"line":140,"column":41},"end":{"line":145,"column":null}},"line":140},"12":{"name":"(anonymous_12)","decl":{"start":{"line":152,"column":4},"end":{"line":152,"column":37}},"loc":{"start":{"line":152,"column":37},"end":{"line":165,"column":null}},"line":152},"13":{"name":"(anonymous_13)","decl":{"start":{"line":155,"column":12},"end":{"line":155,"column":13}},"loc":{"start":{"line":155,"column":41},"end":{"line":160,"column":null}},"line":155},"14":{"name":"(anonymous_14)","decl":{"start":{"line":171,"column":4},"end":{"line":171,"column":16}},"loc":{"start":{"line":171,"column":16},"end":{"line":174,"column":null}},"line":171},"15":{"name":"(anonymous_15)","decl":{"start":{"line":173,"column":21},"end":{"line":173,"column":22}},"loc":{"start":{"line":173,"column":28},"end":{"line":173,"column":38}},"line":173},"16":{"name":"(anonymous_16)","decl":{"start":{"line":176,"column":4},"end":{"line":176,"column":21}},"loc":{"start":{"line":176,"column":40},"end":{"line":179,"column":null}},"line":176}},"branchMap":{"0":{"loc":{"start":{"line":27,"column":8},"end":{"line":29,"column":null}},"type":"if","locations":[{"start":{"line":27,"column":8},"end":{"line":29,"column":null}},{"start":{},"end":{}}],"line":27},"1":{"loc":{"start":{"line":51,"column":16},"end":{"line":53,"column":null}},"type":"if","locations":[{"start":{"line":51,"column":16},"end":{"line":53,"column":null}},{"start":{},"end":{}}],"line":51},"2":{"loc":{"start":{"line":57,"column":16},"end":{"line":59,"column":null}},"type":"if","locations":[{"start":{"line":57,"column":16},"end":{"line":59,"column":null}},{"start":{},"end":{}}],"line":57},"3":{"loc":{"start":{"line":65,"column":12},"end":{"line":67,"column":null}},"type":"if","locations":[{"start":{"line":65,"column":12},"end":{"line":67,"column":null}},{"start":{},"end":{}}],"line":65},"4":{"loc":{"start":{"line":141,"column":16},"end":{"line":143,"column":null}},"type":"if","locations":[{"start":{"line":141,"column":16},"end":{"line":143,"column":null}},{"start":{},"end":{}}],"line":141},"5":{"loc":{"start":{"line":156,"column":16},"end":{"line":158,"column":null}},"type":"if","locations":[{"start":{"line":156,"column":16},"end":{"line":158,"column":null}},{"start":{},"end":{}}],"line":156}},"s":{"0":3,"1":3,"2":3,"3":3,"4":3,"5":3,"6":3,"7":0,"8":3,"9":3,"10":3,"11":1,"12":1,"13":1,"14":0,"15":0,"16":1,"17":0,"18":0,"19":1,"20":0,"21":0,"22":0,"23":0,"24":4,"25":0,"26":0,"27":0,"28":0,"29":0,"30":0,"31":1,"32":1,"33":1,"34":1,"35":1,"36":1,"37":0,"38":0,"39":0,"40":0,"41":0,"42":0,"43":0,"44":0,"45":0,"46":0,"47":0,"48":0,"49":1},"f":{"0":3,"1":3,"2":1,"3":0,"4":4,"5":0,"6":0,"7":0,"8":0,"9":1,"10":0,"11":0,"12":0,"13":0,"14":0,"15":0,"16":1},"b":{"0":[0,3],"1":[0,0],"2":[0,0],"3":[0,0],"4":[0,0],"5":[0,0]},"meta":{"lastBranch":6,"lastFunction":17,"lastStatement":50,"seen":{"f:18:4:18:16":0,"s:19:8:19:Infinity":0,"s:20:8:20:Infinity":1,"s:21:8:21:Infinity":2,"s:22:8:22:Infinity":3,"s:24:8:24:Infinity":4,"s:25:8:25:Infinity":5,"b:27:8:29:Infinity:undefined:undefined:undefined:undefined":0,"s:27:8:29:Infinity":6,"s:28:12:28:Infinity":7,"s:30:8:30:Infinity":8,"f:33:4:33:19":1,"s:34:8:34:Infinity":9,"s:35:8:35:Infinity":10,"f:38:17:38:29":2,"s:39:8:69:Infinity":11,"s:41:12:48:Infinity":12,"s:50:12:54:Infinity":13,"b:51:16:53:Infinity:undefined:undefined:undefined:undefined":1,"s:51:16:53:Infinity":14,"s:52:20:52:Infinity":15,"s:56:12:60:Infinity":16,"b:57:16:59:Infinity:undefined:undefined:undefined:undefined":2,"s:57:16:59:Infinity":17,"s:58:20:58:Infinity":18,"s:62:12:62:Infinity":19,"b:65:12:67:Infinity:undefined:undefined:undefined:undefined":3,"s:65:12:67:Infinity":20,"s:66:16:66:Infinity":21,"s:68:12:68:Infinity":22,"f:74:8:74:28":3,"s:75:8:75:Infinity":23,"f:77:8:77:22":4,"s:78:8:78:Infinity":24,"f:81:8:81:37":5,"s:82:8:82:Infinity":25,"f:84:8:84:35":6,"s:85:8:85:Infinity":26,"f:92:4:92:15":7,"s:93:8:93:Infinity":27,"s:98:8:98:Infinity":28,"f:101:4:101:17":8,"s:102:8:102:Infinity":29,"s:106:8:106:Infinity":30,"f:111:17:111:38":9,"s:113:24:119:Infinity":31,"s:122:24:122:Infinity":32,"s:124:8:124:Infinity":33,"s:127:8:127:Infinity":34,"s:128:8:128:Infinity":35,"s:130:8:130:Infinity":36,"f:137:4:137:31":10,"s:139:35:147:Infinity":37,"f:140:12:140:13":11,"b:141:16:143:Infinity:undefined:undefined:undefined:undefined":4,"s:141:16:143:Infinity":38,"s:142:20:142:Infinity":39,"s:144:16:144:Infinity":40,"s:149:8:149:Infinity":41,"f:152:4:152:37":12,"s:154:35:162:Infinity":42,"f:155:12:155:13":13,"b:156:16:158:Infinity:undefined:undefined:undefined:undefined":5,"s:156:16:158:Infinity":43,"s:157:20:157:Infinity":44,"s:159:16:159:Infinity":45,"s:164:8:164:Infinity":46,"f:171:4:171:16":14,"s:172:8:173:Infinity":47,"f:173:21:173:22":15,"s:173:28:173:38":48,"f:176:4:176:21":16,"s:178:8:178:Infinity":49}}}
,"/Users/umangmehta/Desktop/Second Year/WINTER 2026/COMP 2452/Project/clicker/src/Model/ConnectionForHashing.ts": {"path":"/Users/umangmehta/Desktop/Second Year/WINTER 2026/COMP 2452/Project/clicker/src/Model/ConnectionForHashing.ts","statementMap":{"0":{"start":{"line":6,"column":4},"end":{"line":9,"column":null}},"1":{"start":{"line":7,"column":8},"end":{"line":7,"column":null}},"2":{"start":{"line":10,"column":4},"end":{"line":10,"column":null}}},"fnMap":{"0":{"name":"getHasher","decl":{"start":{"line":5,"column":16},"end":{"line":5,"column":36}},"loc":{"start":{"line":5,"column":36},"end":{"line":11,"column":null}},"line":5}},"branchMap":{"0":{"loc":{"start":{"line":6,"column":4},"end":{"line":9,"column":null}},"type":"if","locations":[{"start":{"line":6,"column":4},"end":{"line":9,"column":null}},{"start":{},"end":{}}],"line":6}},"s":{"0":2,"1":2,"2":0},"f":{"0":2},"b":{"0":[2,0]},"meta":{"lastBranch":1,"lastFunction":1,"lastStatement":3,"seen":{"f:5:16:5:36":0,"b:6:4:9:Infinity:undefined:undefined:undefined:undefined":0,"s:6:4:9:Infinity":0,"s:7:8:7:Infinity":1,"s:10:4:10:Infinity":2}}}
,"/Users/umangmehta/Desktop/Second Year/WINTER 2026/COMP 2452/Project/clicker/src/Model/HashingForBrowser.ts": {"path":"/Users/umangmehta/Desktop/Second Year/WINTER 2026/COMP 2452/Project/clicker/src/Model/HashingForBrowser.ts","statementMap":{"0":{"start":{"line":4,"column":20},"end":{"line":4,"column":null}},"1":{"start":{"line":5,"column":8},"end":{"line":11,"column":null}},"2":{"start":{"line":15,"column":28},"end":{"line":15,"column":null}},"3":{"start":{"line":17,"column":8},"end":{"line":26,"column":null}},"4":{"start":{"line":30,"column":8},"end":{"line":32,"column":null}},"5":{"start":{"line":31,"column":22},"end":{"line":31,"column":53}},"6":{"start":{"line":36,"column":26},"end":{"line":36,"column":null}},"7":{"start":{"line":37,"column":21},"end":{"line":37,"column":null}},"8":{"start":{"line":38,"column":8},"end":{"line":38,"column":null}}},"fnMap":{"0":{"name":"(anonymous_0)","decl":{"start":{"line":3,"column":10},"end":{"line":3,"column":26}},"loc":{"start":{"line":3,"column":60},"end":{"line":12,"column":null}},"line":3},"1":{"name":"(anonymous_1)","decl":{"start":{"line":14,"column":10},"end":{"line":14,"column":26}},"loc":{"start":{"line":14,"column":62},"end":{"line":27,"column":null}},"line":14},"2":{"name":"(anonymous_2)","decl":{"start":{"line":29,"column":4},"end":{"line":29,"column":11}},"loc":{"start":{"line":29,"column":40},"end":{"line":33,"column":null}},"line":29},"3":{"name":"(anonymous_3)","decl":{"start":{"line":31,"column":17},"end":{"line":31,"column":22}},"loc":{"start":{"line":31,"column":22},"end":{"line":31,"column":53}},"line":31},"4":{"name":"(anonymous_4)","decl":{"start":{"line":35,"column":10},"end":{"line":35,"column":23}},"loc":{"start":{"line":35,"column":72},"end":{"line":39,"column":null}},"line":35}},"branchMap":{},"s":{"0":0,"1":0,"2":0,"3":0,"4":0,"5":0,"6":0,"7":0,"8":0},"f":{"0":0,"1":0,"2":0,"3":0,"4":0},"b":{},"meta":{"lastBranch":0,"lastFunction":5,"lastStatement":9,"seen":{"f:3:10:3:26":0,"s:4:20:4:Infinity":0,"s:5:8:11:Infinity":1,"f:14:10:14:26":1,"s:15:28:15:Infinity":2,"s:17:8:26:Infinity":3,"f:29:4:29:11":2,"s:30:8:32:Infinity":4,"f:31:17:31:22":3,"s:31:22:31:53":5,"f:35:10:35:23":4,"s:36:26:36:Infinity":6,"s:37:21:37:Infinity":7,"s:38:8:38:Infinity":8}}}
,"/Users/umangmehta/Desktop/Second Year/WINTER 2026/COMP 2452/Project/clicker/src/Model/HashingForTest.ts": {"path":"/Users/umangmehta/Desktop/Second Year/WINTER 2026/COMP 2452/Project/clicker/src/Model/HashingForTest.ts","statementMap":{"0":{"start":{"line":4,"column":8},"end":{"line":4,"column":null}}},"fnMap":{"0":{"name":"(anonymous_0)","decl":{"start":{"line":3,"column":10},"end":{"line":3,"column":23}},"loc":{"start":{"line":3,"column":72},"end":{"line":5,"column":null}},"line":3}},"branchMap":{},"s":{"0":2},"f":{"0":2},"b":{},"meta":{"lastBranch":0,"lastFunction":1,"lastStatement":1,"seen":{"f:3:10:3:23":0,"s:4:8:4:Infinity":0}}}
,"/Users/umangmehta/Desktop/Second Year/WINTER 2026/COMP 2452/Project/clicker/src/Model/Upgrades.ts": {"path":"/Users/umangmehta/Desktop/Second Year/WINTER 2026/COMP 2452/Project/clicker/src/Model/Upgrades.ts","statementMap":{"0":{"start":{"line":13,"column":8},"end":{"line":13,"column":null}},"1":{"start":{"line":14,"column":8},"end":{"line":14,"column":null}},"2":{"start":{"line":15,"column":8},"end":{"line":15,"column":null}},"3":{"start":{"line":16,"column":8},"end":{"line":16,"column":null}},"4":{"start":{"line":20,"column":8},"end":{"line":20,"column":null}},"5":{"start":{"line":23,"column":8},"end":{"line":23,"column":null}},"6":{"start":{"line":27,"column":8},"end":{"line":27,"column":null}},"7":{"start":{"line":28,"column":8},"end":{"line":28,"column":null}},"8":{"start":{"line":33,"column":8},"end":{"line":59,"column":null}},"9":{"start":{"line":35,"column":28},"end":{"line":40,"column":null}},"10":{"start":{"line":42,"column":12},"end":{"line":45,"column":null}},"11":{"start":{"line":43,"column":16},"end":{"line":43,"column":null}},"12":{"start":{"line":44,"column":16},"end":{"line":44,"column":null}},"13":{"start":{"line":48,"column":28},"end":{"line":53,"column":null}},"14":{"start":{"line":55,"column":12},"end":{"line":58,"column":null}},"15":{"start":{"line":56,"column":16},"end":{"line":56,"column":null}},"16":{"start":{"line":57,"column":16},"end":{"line":57,"column":null}},"17":{"start":{"line":66,"column":44},"end":{"line":66,"column":null}},"18":{"start":{"line":69,"column":23},"end":{"line":74,"column":null}},"19":{"start":{"line":76,"column":25},"end":{"line":81,"column":null}},"20":{"start":{"line":84,"column":8},"end":{"line":90,"column":null}},"21":{"start":{"line":86,"column":40},"end":{"line":86,"column":null}},"22":{"start":{"line":87,"column":12},"end":{"line":87,"column":null}},"23":{"start":{"line":88,"column":12},"end":{"line":88,"column":null}},"24":{"start":{"line":93,"column":8},"end":{"line":98,"column":null}},"25":{"start":{"line":94,"column":42},"end":{"line":94,"column":null}},"26":{"start":{"line":96,"column":12},"end":{"line":96,"column":null}},"27":{"start":{"line":97,"column":12},"end":{"line":97,"column":null}},"28":{"start":{"line":101,"column":8},"end":{"line":101,"column":null}}},"fnMap":{"0":{"name":"(anonymous_0)","decl":{"start":{"line":12,"column":4},"end":{"line":12,"column":16}},"loc":{"start":{"line":12,"column":62},"end":{"line":17,"column":null}},"line":12},"1":{"name":"(anonymous_1)","decl":{"start":{"line":19,"column":8},"end":{"line":19,"column":24}},"loc":{"start":{"line":19,"column":24},"end":{"line":21,"column":null}},"line":19},"2":{"name":"(anonymous_2)","decl":{"start":{"line":22,"column":8},"end":{"line":22,"column":22}},"loc":{"start":{"line":22,"column":22},"end":{"line":24,"column":null}},"line":22},"3":{"name":"(anonymous_3)","decl":{"start":{"line":26,"column":4},"end":{"line":26,"column":20}},"loc":{"start":{"line":26,"column":20},"end":{"line":29,"column":null}},"line":26},"4":{"name":"(anonymous_4)","decl":{"start":{"line":31,"column":17},"end":{"line":31,"column":30}},"loc":{"start":{"line":31,"column":47},"end":{"line":61,"column":null}},"line":31},"5":{"name":"(anonymous_5)","decl":{"start":{"line":42,"column":33},"end":{"line":42,"column":34}},"loc":{"start":{"line":42,"column":42},"end":{"line":45,"column":13}},"line":42},"6":{"name":"(anonymous_6)","decl":{"start":{"line":55,"column":33},"end":{"line":55,"column":34}},"loc":{"start":{"line":55,"column":42},"end":{"line":58,"column":13}},"line":55},"7":{"name":"(anonymous_7)","decl":{"start":{"line":64,"column":17},"end":{"line":64,"column":39}},"loc":{"start":{"line":64,"column":56},"end":{"line":102,"column":null}},"line":64}},"branchMap":{"0":{"loc":{"start":{"line":33,"column":8},"end":{"line":59,"column":null}},"type":"if","locations":[{"start":{"line":33,"column":8},"end":{"line":59,"column":null}},{"start":{"line":47,"column":12},"end":{"line":59,"column":null}}],"line":33}},"s":{"0":0,"1":0,"2":0,"3":0,"4":0,"5":0,"6":0,"7":0,"8":0,"9":0,"10":0,"11":0,"12":0,"13":0,"14":0,"15":0,"16":0,"17":1,"18":1,"19":1,"20":1,"21":0,"22":0,"23":0,"24":1,"25":0,"26":0,"27":0,"28":1},"f":{"0":0,"1":0,"2":0,"3":0,"4":1,"5":0,"6":0,"7":1},"b":{"0":[0,0]},"meta":{"lastBranch":1,"lastFunction":8,"lastStatement":29,"seen":{"f:12:4:12:16":0,"s:13:8:13:Infinity":0,"s:14:8:14:Infinity":1,"s:15:8:15:Infinity":2,"s:16:8:16:Infinity":3,"f:19:8:19:24":1,"s:20:8:20:Infinity":4,"f:22:8:22:22":2,"s:23:8:23:Infinity":5,"f:26:4:26:20":3,"s:27:8:27:Infinity":6,"s:28:8:28:Infinity":7,"f:31:17:31:30":4,"b:33:8:59:Infinity:47:12:59:Infinity":0,"s:33:8:59:Infinity":8,"s:35:28:40:Infinity":9,"s:42:12:45:Infinity":10,"f:42:33:42:34":5,"s:43:16:43:Infinity":11,"s:44:16:44:Infinity":12,"s:48:28:53:Infinity":13,"s:55:12:58:Infinity":14,"f:55:33:55:34":6,"s:56:16:56:Infinity":15,"s:57:16:57:Infinity":16,"f:64:17:64:39":7,"s:66:44:66:Infinity":17,"s:69:23:74:Infinity":18,"s:76:25:81:Infinity":19,"s:84:8:90:Infinity":20,"s:86:40:86:Infinity":21,"s:87:12:87:Infinity":22,"s:88:12:88:Infinity":23,"s:93:8:98:Infinity":24,"s:94:42:94:Infinity":25,"s:96:12:96:Infinity":26,"s:97:12:97:Infinity":27,"s:101:8:101:Infinity":28}}}
,"/Users/umangmehta/Desktop/Second Year/WINTER 2026/COMP 2452/Project/clicker/src/Model/connection.ts": {"path":"/Users/umangmehta/Desktop/Second Year/WINTER 2026/COMP 2452/Project/clicker/src/Model/connection.ts","statementMap":{"0":{"start":{"line":7,"column":10},"end":{"line":7,"column":null}},"1":{"start":{"line":9,"column":17},"end":{"line":9,"column":null}},"2":{"start":{"line":11,"column":0},"end":{"line":14,"column":null}},"3":{"start":{"line":13,"column":4},"end":{"line":13,"column":null}},"4":{"start":{"line":16,"column":4},"end":{"line":16,"column":null}}},"fnMap":{"0":{"name":"db","decl":{"start":{"line":15,"column":24},"end":{"line":15,"column":29}},"loc":{"start":{"line":15,"column":29},"end":{"line":17,"column":null}},"line":15}},"branchMap":{"0":{"loc":{"start":{"line":11,"column":0},"end":{"line":14,"column":null}},"type":"if","locations":[{"start":{"line":11,"column":0},"end":{"line":14,"column":null}},{"start":{},"end":{}}],"line":11}},"s":{"0":1,"1":1,"2":1,"3":1,"4":11},"f":{"0":11},"b":{"0":[1,0]},"meta":{"lastBranch":1,"lastFunction":1,"lastStatement":5,"seen":{"s:7:10:7:Infinity":0,"s:9:17:9:Infinity":1,"b:11:0:14:Infinity:undefined:undefined:undefined:undefined":0,"s:11:0:14:Infinity":2,"s:13:4:13:Infinity":3,"f:15:24:15:29":0,"s:16:4:16:Infinity":4}}}
}
