{"/Users/umangmehta/Desktop/Second Year/WINTER 2026/COMP 2452/Project/clicker/src/assertions.ts": {"path":"/Users/umangmehta/Desktop/Second Year/WINTER 2026/COMP 2452/Project/clicker/src/assertions.ts","statementMap":{"0":{"start":{"line":3,"column":4},"end":{"line":5,"column":null}},"1":{"start":{"line":4,"column":8},"end":{"line":4,"column":null}},"2":{"start":{"line":11,"column":8},"end":{"line":11,"column":null}}},"fnMap":{"0":{"name":"assert","decl":{"start":{"line":2,"column":24},"end":{"line":2,"column":31}},"loc":{"start":{"line":2,"column":78},"end":{"line":6,"column":null}},"line":2},"1":{"name":"(anonymous_1)","decl":{"start":{"line":10,"column":4},"end":{"line":10,"column":16}},"loc":{"start":{"line":10,"column":32},"end":{"line":12,"column":null}},"line":10}},"branchMap":{"0":{"loc":{"start":{"line":3,"column":4},"end":{"line":5,"column":null}},"type":"if","locations":[{"start":{"line":3,"column":4},"end":{"line":5,"column":null}},{"start":{},"end":{}}],"line":3}},"s":{"0":6,"1":0,"2":0},"f":{"0":6,"1":0},"b":{"0":[0,6]},"meta":{"lastBranch":1,"lastFunction":2,"lastStatement":3,"seen":{"f:2:24:2:31":0,"b:3:4:5:Infinity:undefined:undefined:undefined:undefined":0,"s:3:4:5:Infinity":0,"s:4:8:4:Infinity":1,"f:10:4:10:16":1,"s:11:8:11:Infinity":2}}}
,"/Users/umangmehta/Desktop/Second Year/WINTER 2026/COMP 2452/Project/clicker/src/Model/Company.ts": {"path":"/Users/umangmehta/Desktop/Second Year/WINTER 2026/COMP 2452/Project/clicker/src/Model/Company.ts","statementMap":{"0":{"start":{"line":14,"column":8},"end":{"line":14,"column":null}},"1":{"start":{"line":15,"column":8},"end":{"line":15,"column":null}},"2":{"start":{"line":16,"column":8},"end":{"line":16,"column":null}},"3":{"start":{"line":17,"column":8},"end":{"line":17,"column":null}},"4":{"start":{"line":21,"column":8},"end":{"line":21,"column":null}},"5":{"start":{"line":28,"column":8},"end":{"line":28,"column":null}},"6":{"start":{"line":32,"column":8},"end":{"line":32,"column":null}},"7":{"start":{"line":40,"column":38},"end":{"line":41,"column":null}},"8":{"start":{"line":41,"column":30},"end":{"line":41,"column":54}},"9":{"start":{"line":43,"column":8},"end":{"line":43,"column":null}},"10":{"start":{"line":45,"column":8},"end":{"line":45,"column":null}},"11":{"start":{"line":52,"column":8},"end":{"line":52,"column":null}},"12":{"start":{"line":57,"column":8},"end":{"line":57,"column":null}},"13":{"start":{"line":65,"column":8},"end":{"line":66,"column":null}},"14":{"start":{"line":66,"column":28},"end":{"line":66,"column":38}},"15":{"start":{"line":71,"column":8},"end":{"line":71,"column":null}}},"fnMap":{"0":{"name":"(anonymous_0)","decl":{"start":{"line":13,"column":4},"end":{"line":13,"column":17}},"loc":{"start":{"line":13,"column":17},"end":{"line":18,"column":null}},"line":13},"1":{"name":"(anonymous_1)","decl":{"start":{"line":20,"column":4},"end":{"line":20,"column":19}},"loc":{"start":{"line":20,"column":19},"end":{"line":22,"column":null}},"line":20},"2":{"name":"(anonymous_2)","decl":{"start":{"line":27,"column":4},"end":{"line":27,"column":24}},"loc":{"start":{"line":27,"column":24},"end":{"line":29,"column":null}},"line":27},"3":{"name":"(anonymous_3)","decl":{"start":{"line":31,"column":4},"end":{"line":31,"column":31}},"loc":{"start":{"line":31,"column":31},"end":{"line":33,"column":null}},"line":31},"4":{"name":"(anonymous_4)","decl":{"start":{"line":38,"column":4},"end":{"line":38,"column":14}},"loc":{"start":{"line":38,"column":14},"end":{"line":46,"column":null}},"line":38},"5":{"name":"(anonymous_5)","decl":{"start":{"line":41,"column":12},"end":{"line":41,"column":13}},"loc":{"start":{"line":41,"column":30},"end":{"line":41,"column":54}},"line":41},"6":{"name":"(anonymous_6)","decl":{"start":{"line":51,"column":4},"end":{"line":51,"column":15}},"loc":{"start":{"line":51,"column":26},"end":{"line":58,"column":null}},"line":51},"7":{"name":"(anonymous_7)","decl":{"start":{"line":64,"column":4},"end":{"line":64,"column":17}},"loc":{"start":{"line":64,"column":17},"end":{"line":67,"column":null}},"line":64},"8":{"name":"(anonymous_8)","decl":{"start":{"line":66,"column":21},"end":{"line":66,"column":22}},"loc":{"start":{"line":66,"column":28},"end":{"line":66,"column":38}},"line":66},"9":{"name":"(anonymous_9)","decl":{"start":{"line":69,"column":4},"end":{"line":69,"column":21}},"loc":{"start":{"line":69,"column":40},"end":{"line":72,"column":null}},"line":69}},"branchMap":{},"s":{"0":4,"1":4,"2":4,"3":4,"4":4,"5":1,"6":1,"7":2,"8":0,"9":2,"10":2,"11":2,"12":2,"13":4,"14":2,"15":2},"f":{"0":4,"1":4,"2":1,"3":1,"4":2,"5":0,"6":2,"7":4,"8":2,"9":2},"b":{},"meta":{"lastBranch":0,"lastFunction":10,"lastStatement":16,"seen":{"f:13:4:13:17":0,"s:14:8:14:Infinity":0,"s:15:8:15:Infinity":1,"s:16:8:16:Infinity":2,"s:17:8:17:Infinity":3,"f:20:4:20:19":1,"s:21:8:21:Infinity":4,"f:27:4:27:24":2,"s:28:8:28:Infinity":5,"f:31:4:31:31":3,"s:32:8:32:Infinity":6,"f:38:4:38:14":4,"s:40:38:41:Infinity":7,"f:41:12:41:13":5,"s:41:30:41:54":8,"s:43:8:43:Infinity":9,"s:45:8:45:Infinity":10,"f:51:4:51:15":6,"s:52:8:52:Infinity":11,"s:57:8:57:Infinity":12,"f:64:4:64:17":7,"s:65:8:66:Infinity":13,"f:66:21:66:22":8,"s:66:28:66:38":14,"f:69:4:69:21":9,"s:71:8:71:Infinity":15}}}
,"/Users/umangmehta/Desktop/Second Year/WINTER 2026/COMP 2452/Project/clicker/src/Model/Employee.ts": {"path":"/Users/umangmehta/Desktop/Second Year/WINTER 2026/COMP 2452/Project/clicker/src/Model/Employee.ts","statementMap":{},"fnMap":{},"branchMap":{},"s":{},"f":{},"b":{},"meta":{"lastBranch":0,"lastFunction":0,"lastStatement":0,"seen":{}}}
,"/Users/umangmehta/Desktop/Second Year/WINTER 2026/COMP 2452/Project/clicker/src/Model/Upgrades.ts": {"path":"/Users/umangmehta/Desktop/Second Year/WINTER 2026/COMP 2452/Project/clicker/src/Model/Upgrades.ts","statementMap":{"0":{"start":{"line":8,"column":8},"end":{"line":8,"column":null}},"1":{"start":{"line":9,"column":8},"end":{"line":9,"column":null}},"2":{"start":{"line":12,"column":8},"end":{"line":12,"column":null}},"3":{"start":{"line":16,"column":8},"end":{"line":16,"column":null}}},"fnMap":{"0":{"name":"(anonymous_0)","decl":{"start":{"line":7,"column":4},"end":{"line":7,"column":16}},"loc":{"start":{"line":7,"column":40},"end":{"line":10,"column":null}},"line":7},"1":{"name":"(anonymous_1)","decl":{"start":{"line":11,"column":4},"end":{"line":11,"column":27}},"loc":{"start":{"line":11,"column":27},"end":{"line":13,"column":null}},"line":11},"2":{"name":"(anonymous_2)","decl":{"start":{"line":15,"column":4},"end":{"line":15,"column":20}},"loc":{"start":{"line":15,"column":20},"end":{"line":17,"column":null}},"line":15}},"branchMap":{},"s":{"0":2,"1":2,"2":0,"3":2},"f":{"0":2,"1":0,"2":2},"b":{},"meta":{"lastBranch":0,"lastFunction":3,"lastStatement":4,"seen":{"f:7:4:7:16":0,"s:8:8:8:Infinity":0,"s:9:8:9:Infinity":1,"f:11:4:11:27":1,"s:12:8:12:Infinity":2,"f:15:4:15:20":2,"s:16:8:16:Infinity":3}}}
}
